<?xml version="1.0" encoding="UTF-8"?>
<!-- Generated by org.testng.reporters.JUnitReportReporter -->
<testsuite hostname="IBM-PF33H00M" failures="0" tests="1" name="tests.TestClass" time="3.727" errors="0" timestamp="2023-10-16T20:17:25 IST" skipped="0">
  <testcase classname="tests.TestClass" name="OpenApplication" time="3.727"/>
  <system-out/>
</testsuite> <!-- tests.TestClass -->
